IQ-TREE multicore version 1.6.12 for Mac OS X 64-bit built Aug 15 2019
Developed by Bui Quang Minh, Nguyen Lam Tung, Olga Chernomor,
Heiko Schmidt, Dominik Schrempf, Michael Woodhams.

Host:    davehufcannon.student.iastate.edu (AVX, 8 GB RAM)
Command: /Users/jsstai/Documents/Anaconda_Stuff_EEOB546X/iqtree-1.6.12-MacOSX/bin/iqtree -s nuc_from_LegInfo/CCaMK.LegInfo.nuc.fa.aligned -nt AUTO -m MFP -bb 10000
Seed:    318904 (Using SPRNG - Scalable Parallel Random Number Generator)
Time:    Mon Dec 16 18:58:26 2019
Kernel:  AVX - auto-detect threads (8 CPU cores detected)

Reading alignment file nuc_from_LegInfo/CCaMK.LegInfo.nuc.fa.aligned ... Fasta format detected
Alignment most likely contains DNA/RNA sequences
Alignment has 19 sequences with 264 columns, 110 distinct patterns
77 parsimony-informative, 50 singleton sites, 137 constant sites
                                       Gap/Ambiguity  Composition  p-value
   1  aradu.Aradu.69Z0K.1                      0.00%    passed     91.71%
   2  arahy.DT2ZPD.1                           0.00%    passed     83.31%
   3  arahy.R5AJY0.1                           0.00%    passed     91.71%
   4  araip.Araip.PZ9H4.1                      0.00%    passed     83.31%
   5  cajca.C.cajan_46131.1                    0.00%    passed     90.72%
   6  cicar.CDCFrontier.Ca_15707.1             0.00%    passed     43.21%
   7  cicar.ICC4958.Ca_20398.1                 0.00%    passed     43.21%
   8  glyma.Glyma.08G227200.1                  0.00%    passed     92.81%
   9  glyma.Glyma.15G222300.1                  0.00%    passed     93.12%
  10  lotja.Lj3g3v1739280.1                    0.00%    passed     99.12%
  11  lupan.Lup001774.1                        0.00%    passed     82.82%
  12  medtr.Medtr8g043970.1                    0.00%    passed     57.99%
  13  phavu.Phvul.011G186900.1                 0.00%    passed     69.58%
  14  pissa.Cameor.gnm1.ann1.Psat4g141840.1    0.00%    passed     62.73%
  15  pissa.Cameor.gnm1.ann1.Psat4g141880.1    0.00%    passed     33.70%
  16  tripr.mRNA25879                          0.00%    passed     51.19%
  17  vigan.Vang0650s00020.1                   0.00%    passed     78.80%
  18  vigra.Vradi0209s00030.1                  0.00%    passed     77.66%
  19  vigun.Vigun11g026900.1                   0.00%    passed     78.80%
****  TOTAL                                    0.00%  0 sequences failed composition chi2 test (p-value<5%; df=3)
NOTE: arahy.R5AJY0.1 is identical to aradu.Aradu.69Z0K.1 but kept for subsequent analysis
NOTE: araip.Araip.PZ9H4.1 is identical to arahy.DT2ZPD.1 but kept for subsequent analysis
NOTE: cicar.ICC4958.Ca_20398.1 is identical to cicar.CDCFrontier.Ca_15707.1 but kept for subsequent analysis


Create initial parsimony tree by phylogenetic likelihood library (PLL)... 0.000 seconds
NOTE: ModelFinder requires 5 MB RAM!
ModelFinder will test 286 DNA models (sample size: 264) ...
 No. Model         -LnL         df  AIC          AICc         BIC
Measuring multi-threading efficiency up to 8 CPU cores
Increase to 10 rounds for branch lengths
4051 trees examined
Threads: 1 / Time: 8.001 sec / Speedup: 1.000 / Efficiency: 100% / LogL: -2313
Threads: 2 / Time: 7.025 sec / Speedup: 1.139 / Efficiency: 57% / LogL: -2313
Threads: 3 / Time: 8.147 sec / Speedup: 0.982 / Efficiency: 33% / LogL: -2313
BEST NUMBER OF THREADS: 2

  1  JC            1500.356     35  3070.713     3081.765     3195.871
  2  JC+I          1478.635     36  3029.269     3041.005     3158.003
  3  JC+G4         1474.232     36  3020.463     3032.199     3149.197
  4  JC+I+G4       1474.473     37  3022.946     3035.389     3155.257
  5  JC+R2         1474.611     37  3023.222     3035.664     3155.532
  6  JC+R3         1474.090     39  3026.179     3040.108     3165.641
 14  F81+F         1493.912     38  3063.824     3076.997     3199.710
 15  F81+F+I       1472.084     39  3022.167     3036.096     3161.629
 16  F81+F+G4      1467.862     39  3013.723     3027.652     3153.185
 17  F81+F+I+G4    1468.083     40  3016.166     3030.875     3159.204
 18  F81+F+R2      1468.185     40  3016.370     3031.078     3159.408
 19  F81+F+R3      1467.683     42  3019.365     3035.709     3169.555
 27  K2P           1489.627     36  3051.255     3062.991     3179.989
 28  K2P+I         1467.854     37  3009.709     3022.151     3142.019
 29  K2P+G4        1463.293     37  3000.587     3013.029     3132.897
 30  K2P+I+G4      1463.538     38  3003.076     3016.249     3138.962
 31  K2P+R2        1463.537     38  3003.074     3016.247     3138.960
 32  K2P+R3        1462.942     40  3005.884     3020.592     3148.922
 40  HKY+F         1482.076     39  3042.152     3056.080     3181.614
 41  HKY+F+I       1460.007     40  3000.013     3014.722     3143.051
 42  HKY+F+G4      1455.535     40  2991.071     3005.779     3134.109
 43  HKY+F+I+G4    1455.775     41  2993.551     3009.064     3140.164
 44  HKY+F+R2      1455.720     41  2993.439     3008.953     3140.053
 45  HKY+F+R3      1455.174     43  2996.349     3013.549     3150.114
 53  TNe           1489.412     37  3052.824     3065.266     3185.134
 54  TNe+I         1467.759     38  3011.517     3024.691     3147.403
 55  TNe+G4        1463.284     38  3002.568     3015.741     3138.454
 56  TNe+I+G4      1463.494     39  3004.988     3018.917     3144.450
 57  TNe+R2        1463.440     39  3004.880     3018.809     3144.342
 58  TNe+R3        1462.821     41  3007.642     3023.155     3154.256
 66  TN+F          1481.256     40  3042.512     3057.221     3185.550
 67  TN+F+I        1459.513     41  3001.027     3016.540     3147.641
 68  TN+F+G4       1455.245     41  2992.490     3008.004     3139.104
 69  TN+F+I+G4     1455.435     42  2994.870     3011.214     3145.060
 70  TN+F+R2       1455.415     42  2994.829     3011.173     3145.019
 71  TN+F+R3       1454.843     44  2997.687     3015.769     3155.029
 79  K3P           1485.328     37  3044.656     3057.099     3176.966
 80  K3P+I         1463.303     38  3002.605     3015.779     3138.492
 81  K3P+G4        1459.168     38  2994.336     3007.509     3130.222
 82  K3P+I+G4      1459.280     39  2996.559     3010.488     3136.021
 83  K3P+R2        1459.399     39  2996.797     3010.726     3136.259
 84  K3P+R3        1458.742     41  2999.485     3014.998     3146.099
 92  K3Pu+F        1478.802     40  3037.604     3052.313     3180.642
 93  K3Pu+F+I      1456.567     41  2995.135     3010.648     3141.749
 94  K3Pu+F+G4     1452.471     41  2986.941     3002.455     3133.555
 95  K3Pu+F+I+G4   1452.590     42  2989.181     3005.525     3139.371
 96  K3Pu+F+R2     1452.684     42  2989.368     3005.712     3139.558
 97  K3Pu+F+R3     1452.087     44  2992.175     3010.257     3149.517
105  TPM2+F        1482.071     40  3044.142     3058.850     3187.180
106  TPM2+F+I      1459.968     41  3001.936     3017.449     3148.550
107  TPM2+F+G4     1455.480     41  2992.960     3008.473     3139.574
108  TPM2+F+I+G4   1455.667     42  2995.333     3011.677     3145.523
109  TPM2+F+R2     1455.561     42  2995.123     3011.467     3145.312
110  TPM2+F+R3     1454.939     44  2997.878     3015.960     3155.219
118  TPM2u+F       1482.071     40  3044.142     3058.850     3187.180
119  TPM2u+F+I     1459.968     41  3001.936     3017.449     3148.550
120  TPM2u+F+G4    1455.480     41  2992.960     3008.473     3139.574
121  TPM2u+F+I+G4  1455.658     42  2995.316     3011.660     3145.506
122  TPM2u+F+R2    1455.547     42  2995.095     3011.439     3145.285
123  TPM2u+F+R3    1454.913     44  2997.826     3015.908     3155.168
131  TPM3+F        1481.862     40  3043.725     3058.433     3186.763
132  TPM3+F+I      1459.846     41  3001.693     3017.206     3148.307
133  TPM3+F+G4     1455.284     41  2992.568     3008.081     3139.182
134  TPM3+F+I+G4   1455.486     42  2994.972     3011.316     3145.162
135  TPM3+F+R2     1455.285     42  2994.570     3010.914     3144.760
136  TPM3+F+R3     1454.704     44  2997.407     3015.489     3154.749
144  TPM3u+F       1481.862     40  3043.725     3058.433     3186.763
145  TPM3u+F+I     1459.846     41  3001.693     3017.206     3148.307
146  TPM3u+F+G4    1455.284     41  2992.568     3008.081     3139.182
147  TPM3u+F+I+G4  1455.477     42  2994.955     3011.299     3145.145
148  TPM3u+F+R2    1455.277     42  2994.554     3010.898     3144.744
149  TPM3u+F+R3    1454.687     44  2997.374     3015.457     3154.716
157  TIMe          1485.113     38  3046.226     3059.399     3182.112
158  TIMe+I        1463.209     39  3004.419     3018.348     3143.881
159  TIMe+G4       1459.163     39  2996.325     3010.254     3135.787
160  TIMe+I+G4     1459.226     40  2998.452     3013.161     3141.490
161  TIMe+R2       1459.343     40  2998.686     3013.395     3141.724
162  TIMe+R3       1458.565     42  3001.130     3017.474     3151.320
170  TIM+F         1477.986     41  3037.972     3053.485     3184.586
171  TIM+F+I       1456.083     42  2996.166     3012.510     3146.356
172  TIM+F+G4      1452.206     42  2988.411     3004.755     3138.601
173  TIM+F+I+G4    1452.261     43  2990.521     3007.721     3144.287
174  TIM+F+R2      1452.446     43  2990.893     3008.093     3144.658
175  TIM+F+R3      1451.733     45  2993.465     3012.456     3154.383
183  TIM2e         1489.042     38  3054.084     3067.258     3189.970
184  TIM2e+I       1467.573     39  3013.146     3027.074     3152.608
185  TIM2e+G4      1463.082     39  3004.163     3018.092     3143.625
186  TIM2e+I+G4    1463.217     40  3006.434     3021.142     3149.472
187  TIM2e+R2      1463.074     40  3006.147     3020.856     3149.185
188  TIM2e+R3      1462.250     42  3008.501     3024.845     3158.691
196  TIM2+F        1481.251     41  3044.502     3060.016     3191.116
197  TIM2+F+I      1459.478     42  3002.955     3019.299     3153.145
198  TIM2+F+G4     1455.190     42  2994.380     3010.724     3144.570
199  TIM2+F+I+G4   1455.305     43  2996.610     3013.810     3150.376
200  TIM2+F+R2     1455.278     43  2996.555     3013.755     3150.321
201  TIM2+F+R3     1454.547     45  2999.093     3018.084     3160.011
209  TIM3e         1489.315     38  3054.630     3067.804     3190.516
210  TIM3e+I       1467.548     39  3013.097     3027.025     3152.559
211  TIM3e+G4      1463.119     39  3004.237     3018.166     3143.699
212  TIM3e+I+G4    1463.208     40  3006.416     3021.124     3149.454
213  TIM3e+R2      1463.155     40  3006.309     3021.018     3149.347
214  TIM3e+R3      1462.212     42  3008.424     3024.768     3158.614
222  TIM3+F        1481.045     41  3044.089     3059.603     3190.703
223  TIM3+F+I      1459.355     42  3002.710     3019.054     3152.900
224  TIM3+F+G4     1454.994     42  2993.988     3010.332     3144.178
225  TIM3+F+I+G4   1455.128     43  2996.256     3013.456     3150.022
226  TIM3+F+R2     1455.026     43  2996.051     3013.251     3149.817
227  TIM3+F+R3     1454.349     45  2998.698     3017.689     3159.616
235  TVMe          1485.170     39  3048.341     3062.269     3187.803
236  TVMe+I        1463.226     40  3006.453     3021.161     3149.491
237  TVMe+G4       1459.089     40  2998.179     3012.887     3141.217
238  TVMe+I+G4     1459.130     41  3000.260     3015.774     3146.874
239  TVMe+R2       1459.246     41  3000.493     3016.006     3147.107
240  TVMe+R3       1458.311     43  3002.622     3019.822     3156.388
248  TVM+F         1478.132     42  3040.265     3056.609     3190.455
249  TVM+F+I       1455.765     43  2997.530     3014.730     3151.296
250  TVM+F+G4      1451.517     43  2989.034     3006.234     3142.800
251  TVM+F+I+G4    1451.600     44  2991.199     3009.281     3148.541
252  TVM+F+R2      1451.646     44  2991.293     3009.375     3148.635
253  TVM+F+R3      1450.956     46  2993.912     3013.838     3158.405
261  SYM           1484.951     40  3049.902     3064.611     3192.940
262  SYM+I         1463.133     41  3008.265     3023.779     3154.879
263  SYM+G4        1459.085     41  3000.169     3015.683     3146.783
264  SYM+I+G4      1459.113     42  3002.227     3018.570     3152.416
265  SYM+R2        1459.246     42  3002.492     3018.836     3152.681
266  SYM+R3        1458.271     44  3004.542     3022.624     3161.884
274  GTR+F         1477.316     43  3040.631     3057.831     3194.397
275  GTR+F+I       1455.285     44  2998.570     3016.652     3155.912
276  GTR+F+G4      1451.246     44  2990.492     3008.574     3147.834
277  GTR+F+I+G4    1451.298     45  2992.596     3011.587     3153.514
278  GTR+F+R2      1451.440     45  2992.880     3011.871     3153.798
279  GTR+F+R3      1450.701     47  2995.403     3016.292     3163.473
Akaike Information Criterion:           K3Pu+F+G4
Corrected Akaike Information Criterion: K3Pu+F+G4
Bayesian Information Criterion:         K3P+G4
Best-fit model: K3P+G4 chosen according to BIC

All model information printed to nuc_from_LegInfo/CCaMK.LegInfo.nuc.fa.aligned.model.gz
CPU time for ModelFinder: 46.359 seconds (0h:0m:46s)
Wall-clock time for ModelFinder: 23.679 seconds (0h:0m:23s)
Generating 10000 samples for ultrafast bootstrap (seed: 318904)...

NOTE: 4 MB RAM (0 GB) is required!
Measuring multi-threading efficiency up to 8 CPU cores
Increase to 10 rounds for branch lengths
1769 trees examined
Threads: 1 / Time: 8.000 sec / Speedup: 1.000 / Efficiency: 100% / LogL: -2137
Threads: 2 / Time: 5.248 sec / Speedup: 1.524 / Efficiency: 76% / LogL: -2137
Threads: 3 / Time: 4.871 sec / Speedup: 1.642 / Efficiency: 55% / LogL: -2137
Threads: 4 / Time: 5.294 sec / Speedup: 1.511 / Efficiency: 38% / LogL: -2137
BEST NUMBER OF THREADS: 3

Estimate model parameters (epsilon = 0.100)
1. Initial log-likelihood: -1475.453
2. Current log-likelihood: -1459.382
3. Current log-likelihood: -1459.168
Optimal log-likelihood: -1459.167
Rate parameters:  A-C: 1.00000  A-G: 2.99417  A-T: 1.95902  C-G: 1.95902  C-T: 2.99417  G-T: 1.00000
Base frequencies:  A: 0.250  C: 0.250  G: 0.250  T: 0.250
Gamma shape alpha: 0.716
Parameters optimization took 3 rounds (0.006 sec)
Computing ML distances based on estimated model parameters... 0.004 sec
Computing BIONJ tree...
0.001 seconds
Log-likelihood of BIONJ tree: -1458.658
--------------------------------------------------------------------
|             INITIALIZING CANDIDATE TREE SET                      |
--------------------------------------------------------------------
Generating 98 parsimony trees... 0.095 second
Computing log-likelihood of 98 initial trees ... 0.128 seconds
Current best score: -1457.553

Do NNI search on 20 best initial trees
Estimate model parameters (epsilon = 0.100)
BETTER TREE FOUND at iteration 1: -1457.447
UPDATE BEST LOG-LIKELIHOOD: -1457.445
UPDATE BEST LOG-LIKELIHOOD: -1457.444
UPDATE BEST LOG-LIKELIHOOD: -1457.442
Iteration 10 / LogL: -1457.445 / Time: 0h:0m:23s
Iteration 20 / LogL: -1457.675 / Time: 0h:0m:24s
Finish initializing candidate tree set (1)
Current best tree score: -1457.442 / CPU time: 0.703
Number of iterations: 20
--------------------------------------------------------------------
|               OPTIMIZING CANDIDATE TREE SET                      |
--------------------------------------------------------------------
UPDATE BEST LOG-LIKELIHOOD: -1457.442
UPDATE BEST LOG-LIKELIHOOD: -1457.442
UPDATE BEST LOG-LIKELIHOOD: -1457.442
Iteration 30 / LogL: -1457.446 / Time: 0h:0m:24s (0h:1m:0s left)
UPDATE BEST LOG-LIKELIHOOD: -1457.442
UPDATE BEST LOG-LIKELIHOOD: -1457.442
Iteration 40 / LogL: -1457.443 / Time: 0h:0m:25s (0h:0m:39s left)
UPDATE BEST LOG-LIKELIHOOD: -1457.442
Iteration 50 / LogL: -1457.442 / Time: 0h:0m:25s (0h:0m:27s left)
Log-likelihood cutoff on original alignment: -1494.688
UPDATE BEST LOG-LIKELIHOOD: -1457.442
Iteration 60 / LogL: -1457.442 / Time: 0h:0m:27s (0h:0m:19s left)
Iteration 70 / LogL: -1457.442 / Time: 0h:0m:28s (0h:0m:12s left)
Iteration 80 / LogL: -1457.444 / Time: 0h:0m:28s (0h:0m:7s left)
Iteration 90 / LogL: -1457.442 / Time: 0h:0m:29s (0h:0m:3s left)
Iteration 100 / LogL: -1457.452 / Time: 0h:0m:30s (0h:0m:0s left)
Log-likelihood cutoff on original alignment: -1495.626
NOTE: Bootstrap correlation coefficient of split occurrence frequencies: 0.997
TREE SEARCH COMPLETED AFTER 102 ITERATIONS / Time: 0h:0m:30s

--------------------------------------------------------------------
|                    FINALIZING TREE SEARCH                        |
--------------------------------------------------------------------
Performs final model parameters optimization
Estimate model parameters (epsilon = 0.010)
1. Initial log-likelihood: -1457.442
Optimal log-likelihood: -1457.441
Rate parameters:  A-C: 1.00000  A-G: 2.85273  A-T: 1.83696  C-G: 1.83696  C-T: 2.85273  G-T: 1.00000
Base frequencies:  A: 0.250  C: 0.250  G: 0.250  T: 0.250
Gamma shape alpha: 0.717
Parameters optimization took 1 rounds (0.001 sec)
BEST SCORE FOUND : -1457.441
Creating bootstrap support values...
Split supports printed to NEXUS file nuc_from_LegInfo/CCaMK.LegInfo.nuc.fa.aligned.splits.nex
Total tree length: 1.036

Total number of iterations: 102
CPU time used for tree search: 19.602 sec (0h:0m:19s)
Wall-clock time used for tree search: 7.478 sec (0h:0m:7s)
Total CPU time used: 73.691 sec (0h:1m:13s)
Total wall-clock time used: 31.752 sec (0h:0m:31s)

Computing bootstrap consensus tree...
Reading input file nuc_from_LegInfo/CCaMK.LegInfo.nuc.fa.aligned.splits.nex...
19 taxa and 123 splits.
Consensus tree written to nuc_from_LegInfo/CCaMK.LegInfo.nuc.fa.aligned.contree
Reading input trees file nuc_from_LegInfo/CCaMK.LegInfo.nuc.fa.aligned.contree
Log-likelihood of consensus tree: -1457.444

Analysis results written to: 
  IQ-TREE report:                nuc_from_LegInfo/CCaMK.LegInfo.nuc.fa.aligned.iqtree
  Maximum-likelihood tree:       nuc_from_LegInfo/CCaMK.LegInfo.nuc.fa.aligned.treefile
  Likelihood distances:          nuc_from_LegInfo/CCaMK.LegInfo.nuc.fa.aligned.mldist

Ultrafast bootstrap approximation results written to:
  Split support values:          nuc_from_LegInfo/CCaMK.LegInfo.nuc.fa.aligned.splits.nex
  Consensus tree:                nuc_from_LegInfo/CCaMK.LegInfo.nuc.fa.aligned.contree
  Screen log file:               nuc_from_LegInfo/CCaMK.LegInfo.nuc.fa.aligned.log

Date and Time: Mon Dec 16 18:59:21 2019
